           _                 _    
  __ _  __| |_ __ __ _ _ __ | |_  
 / _` |/ _` | '__/ _` | '_ \| __| 
| (_| | (_| | | | (_| | | | | |_  
 \__, |\__,_|_|  \__,_|_| |_|\__| 
    |_|                           

Version: 1.11.4, build: d8b6e4a0
Access web UI at http://localhost:6333/dashboard

2024-09-22T06:38:31.074535Z  INFO storage::content_manager::consensus::persistent: Loading raft state from ./storage/raft_state.json    
2024-09-22T06:38:31.074610Z DEBUG storage::content_manager::consensus::persistent: State: Persistent { state: RaftState { hard_state: HardState { term: 0, vote: 0, commit: 0 }, conf_state: ConfState { voters: [8453906418571398], learners: [], voters_outgoing: [], learners_next: [], auto_leave: false } }, latest_snapshot_meta: SnapshotMetadataSer { term: 0, index: 0 }, apply_progress_queue: EntryApplyProgressQueue(None), peer_address_by_id: RwLock { data: {} }, peer_metadata_by_id: RwLock { data: {} }, cluster_metadata: {}, this_peer_id: 8453906418571398, path: "./storage/raft_state.json", dirty: false }    
2024-09-22T06:38:31.097083Z  INFO storage::content_manager::toc: Loading collection: default    
2024-09-22T06:38:31.153664Z  INFO collection::shards::local_shard: Recovering collection default: 0/1 (0%)    
2024-09-22T06:38:31.165026Z  INFO collection::shards::local_shard: Recovered collection default: 1/1 (100%)    
2024-09-22T06:38:31.166403Z DEBUG qdrant: Loaded collection: default    
2024-09-22T06:38:31.166413Z  INFO qdrant: Distributed mode disabled    
2024-09-22T06:38:31.166424Z  INFO qdrant: Telemetry reporting disabled    
2024-09-22T06:38:31.166695Z DEBUG qdrant: Waiting for thread web to finish    
2024-09-22T06:38:31.166974Z  WARN qdrant::actix::web_ui: Static content folder for Web UI './static' does not exist    
2024-09-22T06:38:31.167259Z  INFO qdrant::actix: TLS disabled for REST API    
2024-09-22T06:38:31.167288Z  INFO qdrant::actix: Qdrant HTTP listening on 6333    
2024-09-22T06:38:31.167298Z  INFO actix_server::builder: Starting 11 workers
2024-09-22T06:38:31.167304Z  INFO actix_server::server: Actix runtime found; starting in Actix runtime
2024-09-22T06:38:31.170695Z  INFO qdrant::tonic: Qdrant gRPC listening on 6334    
2024-09-22T06:38:31.170714Z  INFO qdrant::tonic: TLS disabled for gRPC API    
2024-09-22T06:38:41.079313Z  INFO storage::content_manager::toc::collection_meta_ops: Deleting collection default    
2024-09-22T06:38:41.080011Z DEBUG collection::update_handler: Stopping flush worker.    
2024-09-22T06:38:41.082813Z  INFO actix_web::middleware::logger: 127.0.0.1 "DELETE /collections/default HTTP/1.1" 200 48 "-" "curl/7.81.0" 0.003633    
2024-09-22T06:39:05.642711Z DEBUG storage::content_manager::snapshots::recover: Downloading snapshot from file:///home/san/gaianet/qdrant/snapshots/default/default.snapshot to /home/san/gaianet/qdrant/./snapshots/tmp/download-vf3zIO    
2024-09-22T06:39:05.642738Z DEBUG storage::content_manager::snapshots::recover: Snapshot downloaded to /home/san/gaianet/qdrant/snapshots/default/default.snapshot    
2024-09-22T06:39:05.642938Z DEBUG storage::content_manager::snapshots::recover: Recovering collection default from snapshot /home/san/gaianet/qdrant/snapshots/default/default.snapshot    
2024-09-22T06:39:05.642946Z DEBUG storage::content_manager::snapshots::recover: Unpacking snapshot to /home/san/gaianet/qdrant/./storage/tmp/col-default-recovery-arU551    
2024-09-22T06:39:06.794944Z DEBUG storage::content_manager::snapshots::recover: Collection default does not exist, creating it    
2024-09-22T06:39:06.794978Z  INFO storage::content_manager::toc::collection_meta_ops: Creating collection default    
2024-09-22T06:39:07.008637Z DEBUG collection::collection: Changing shard default:0 replica state from Some(Initializing) to Active    
2024-09-22T06:39:07.008655Z DEBUG collection::shards::replica_set: Changing local shard default:0 state from Some(Initializing) to Active    
2024-09-22T06:39:07.012028Z DEBUG storage::content_manager::snapshots::recover: Recovering shard 0 from /home/san/gaianet/qdrant/./storage/tmp/col-default-recovery-arU551/0    
2024-09-22T06:39:07.012280Z DEBUG collection::update_handler: Stopping flush worker.    
2024-09-22T06:39:07.167850Z  INFO collection::shards::local_shard: Recovering collection default: 0/21 (0%)    
2024-09-22T06:39:07.220071Z  INFO collection::shards::local_shard: Recovered collection default: 21/21 (100%)    
2024-09-22T06:39:07.221393Z DEBUG storage::content_manager::snapshots::recover: Activating shard 0 of collection default locally    
2024-09-22T06:39:07.221413Z DEBUG collection::collection: Changing shard default:0 replica state from Some(Active) to Active    
2024-09-22T06:39:07.221421Z DEBUG collection::shards::replica_set: Changing local shard default:0 state from Some(Active) to Active    
2024-09-22T06:39:07.225355Z  INFO actix_web::middleware::logger: 127.0.0.1 "POST /collections/default/snapshots/upload?priority=snapshot HTTP/1.1" 200 55 "-" "curl/7.81.0" 1.940022    
2024-09-22T06:39:12.250811Z  INFO actix_server::server: SIGTERM received; starting graceful shutdown
2024-09-22T06:39:12.250811Z DEBUG qdrant::tonic: Stopping gRPC service on SIGTERM    
2024-09-22T06:39:12.250880Z  INFO actix_server::worker: Shutting down idle worker
2024-09-22T06:39:12.250892Z  INFO actix_server::worker: Shutting down idle worker
2024-09-22T06:39:12.250902Z DEBUG actix_server::accept: Paused accepting connections on 127.0.0.1:6333
2024-09-22T06:39:12.250912Z  INFO actix_server::worker: Shutting down idle worker
2024-09-22T06:39:12.250918Z  INFO actix_server::accept: Accept thread stopped
2024-09-22T06:39:12.250921Z  INFO actix_server::worker: Shutting down idle worker
2024-09-22T06:39:12.250940Z  INFO actix_server::worker: Shutting down idle worker
2024-09-22T06:39:12.250975Z  INFO actix_server::worker: Shutting down idle worker
2024-09-22T06:39:12.250996Z  INFO actix_server::worker: Shutting down idle worker
2024-09-22T06:39:12.250944Z  INFO actix_server::worker: Shutting down idle worker
2024-09-22T06:39:12.251082Z  INFO actix_server::worker: Shutting down idle worker
2024-09-22T06:39:12.251262Z  INFO actix_server::worker: Shutting down idle worker
2024-09-22T06:39:12.251374Z  INFO actix_server::worker: Shutting down idle worker
2024-09-22T06:39:12.552636Z DEBUG qdrant: Waiting for thread grpc to finish    
2024-09-22T06:39:12.553156Z DEBUG collection::update_handler: Stopping flush worker.    
